<?xml version="1.0" encoding="UTF-8"?>
<testng-results skipped="0" failed="1" ignored="0" total="5" passed="4">
  <reporter-output>
  </reporter-output>
  <suite name="Swag Labs Test Automation Test Suite" duration-ms="39597" started-at="2020-04-25T15:27:56Z" finished-at="2020-04-25T15:28:36Z">
    <groups>
    </groups>
    <test name="Swag Labs Login Test Cases" duration-ms="39597" started-at="2020-04-25T15:27:56Z" finished-at="2020-04-25T15:28:36Z">
      <class name="com.swagLabs.qa.loginTest.TC_003_Login_Test_With_Valid_User">
        <test-method status="PASS" signature="setUp()[pri:0, instance:com.swagLabs.qa.loginTest.TC_003_Login_Test_With_Valid_User@3e6fa38a]" name="setUp" is-config="true" duration-ms="6102" started-at="2020-04-25T10:28:13Z" finished-at="2020-04-25T10:28:19Z">
          <reporter-output>
          </reporter-output>
        </test-method> <!-- setUp -->
        <test-method status="PASS" signature="login_Test_Valid_User(java.lang.String, java.lang.String)[pri:0, instance:com.swagLabs.qa.loginTest.TC_003_Login_Test_With_Valid_User@3e6fa38a]" name="login_Test_Valid_User" duration-ms="2639" started-at="2020-04-25T10:28:19Z" data-provider="getSwagLabsestData" finished-at="2020-04-25T10:28:21Z">
          <params>
            <param index="0">
              <value>
                <![CDATA[standard_user]]>
              </value>
            </param>
            <param index="1">
              <value>
                <![CDATA[secret_sauce]]>
              </value>
            </param>
          </params>
          <reporter-output>
          </reporter-output>
        </test-method> <!-- login_Test_Valid_User -->
        <test-method status="PASS" signature="tearDown()[pri:0, instance:com.swagLabs.qa.loginTest.TC_003_Login_Test_With_Valid_User@3e6fa38a]" name="tearDown" is-config="true" duration-ms="643" started-at="2020-04-25T10:28:21Z" finished-at="2020-04-25T10:28:22Z">
          <reporter-output>
          </reporter-output>
        </test-method> <!-- tearDown -->
      </class> <!-- com.swagLabs.qa.loginTest.TC_003_Login_Test_With_Valid_User -->
      <class name="com.swagLabs.qa.loginTest.TC004_Login_Test_With_Locked_User">
        <test-method status="PASS" signature="setUp()[pri:0, instance:com.swagLabs.qa.loginTest.TC004_Login_Test_With_Locked_User@66a3ffec]" name="setUp" is-config="true" duration-ms="5926" started-at="2020-04-25T10:28:22Z" finished-at="2020-04-25T10:28:28Z">
          <reporter-output>
          </reporter-output>
        </test-method> <!-- setUp -->
        <test-method status="PASS" signature="login_Test_Locked_User(java.lang.String, java.lang.String)[pri:0, instance:com.swagLabs.qa.loginTest.TC004_Login_Test_With_Locked_User@66a3ffec]" name="login_Test_Locked_User" duration-ms="379" started-at="2020-04-25T10:28:28Z" data-provider="getSwagLabsestData" finished-at="2020-04-25T10:28:28Z">
          <params>
            <param index="0">
              <value>
                <![CDATA[locked_out_user]]>
              </value>
            </param>
            <param index="1">
              <value>
                <![CDATA[secret_sauce]]>
              </value>
            </param>
          </params>
          <reporter-output>
          </reporter-output>
        </test-method> <!-- login_Test_Locked_User -->
        <test-method status="PASS" signature="tearDown()[pri:0, instance:com.swagLabs.qa.loginTest.TC004_Login_Test_With_Locked_User@66a3ffec]" name="tearDown" is-config="true" duration-ms="654" started-at="2020-04-25T10:28:28Z" finished-at="2020-04-25T10:28:29Z">
          <reporter-output>
          </reporter-output>
        </test-method> <!-- tearDown -->
      </class> <!-- com.swagLabs.qa.loginTest.TC004_Login_Test_With_Locked_User -->
      <class name="com.swagLabs.qa.loginTest.TC005_Login_Test_Invalid_Pwd">
        <test-method status="PASS" signature="setUp()[pri:0, instance:com.swagLabs.qa.loginTest.TC005_Login_Test_Invalid_Pwd@77caeb3e]" name="setUp" is-config="true" duration-ms="5820" started-at="2020-04-25T10:28:29Z" finished-at="2020-04-25T10:28:35Z">
          <reporter-output>
          </reporter-output>
        </test-method> <!-- setUp -->
        <test-method status="PASS" signature="login_Test_Locked_User(java.lang.String, java.lang.String)[pri:0, instance:com.swagLabs.qa.loginTest.TC005_Login_Test_Invalid_Pwd@77caeb3e]" name="login_Test_Locked_User" duration-ms="321" started-at="2020-04-25T10:28:35Z" data-provider="getSwagLabsestData" finished-at="2020-04-25T10:28:35Z">
          <params>
            <param index="0">
              <value>
                <![CDATA[locked_out_user]]>
              </value>
            </param>
            <param index="1">
              <value>
                <![CDATA[asdgd]]>
              </value>
            </param>
          </params>
          <reporter-output>
          </reporter-output>
        </test-method> <!-- login_Test_Locked_User -->
        <test-method status="PASS" signature="tearDown()[pri:0, instance:com.swagLabs.qa.loginTest.TC005_Login_Test_Invalid_Pwd@77caeb3e]" name="tearDown" is-config="true" duration-ms="673" started-at="2020-04-25T10:28:35Z" finished-at="2020-04-25T10:28:36Z">
          <reporter-output>
          </reporter-output>
        </test-method> <!-- tearDown -->
      </class> <!-- com.swagLabs.qa.loginTest.TC005_Login_Test_Invalid_Pwd -->
      <class name="com.swagLabs.qa.loginTest.TC_001_Login_Page_Logo_Test">
        <test-method status="PASS" signature="setUp()[pri:0, instance:com.swagLabs.qa.loginTest.TC_001_Login_Page_Logo_Test@6f7fd0e6]" name="setUp" is-config="true" duration-ms="6987" started-at="2020-04-25T10:27:56Z" finished-at="2020-04-25T10:28:03Z">
          <reporter-output>
          </reporter-output>
        </test-method> <!-- setUp -->
        <test-method status="PASS" signature="loginPageLogoTest()[pri:0, instance:com.swagLabs.qa.loginTest.TC_001_Login_Page_Logo_Test@6f7fd0e6]" name="loginPageLogoTest" duration-ms="71" started-at="2020-04-25T10:28:03Z" finished-at="2020-04-25T10:28:03Z">
          <reporter-output>
          </reporter-output>
        </test-method> <!-- loginPageLogoTest -->
        <test-method status="PASS" signature="tearDown()[pri:0, instance:com.swagLabs.qa.loginTest.TC_001_Login_Page_Logo_Test@6f7fd0e6]" name="tearDown" is-config="true" duration-ms="2141" started-at="2020-04-25T10:28:03Z" finished-at="2020-04-25T10:28:05Z">
          <reporter-output>
          </reporter-output>
        </test-method> <!-- tearDown -->
      </class> <!-- com.swagLabs.qa.loginTest.TC_001_Login_Page_Logo_Test -->
      <class name="com.swagLabs.qa.loginTest.TC_002_Login_Page_Title_Test">
        <test-method status="PASS" signature="setUp()[pri:0, instance:com.swagLabs.qa.loginTest.TC_002_Login_Page_Title_Test@47c62251]" name="setUp" is-config="true" duration-ms="6008" started-at="2020-04-25T10:28:05Z" finished-at="2020-04-25T10:28:11Z">
          <reporter-output>
          </reporter-output>
        </test-method> <!-- setUp -->
        <test-method status="FAIL" signature="loginPageTitleTest()[pri:0, instance:com.swagLabs.qa.loginTest.TC_002_Login_Page_Title_Test@47c62251]" name="loginPageTitleTest" duration-ms="10" started-at="2020-04-25T10:28:11Z" finished-at="2020-04-25T10:28:11Z">
          <exception class="java.lang.AssertionError">
            <message>
              <![CDATA[Login page title not matched expected [Swag Labs123] but found [Swag Labs]]]>
            </message>
            <full-stacktrace>
              <![CDATA[java.lang.AssertionError: Login page title not matched expected [Swag Labs123] but found [Swag Labs]
	at org.testng.Assert.fail(Assert.java:93)
	at org.testng.Assert.failNotEquals(Assert.java:512)
	at org.testng.Assert.assertEqualsImpl(Assert.java:134)
	at org.testng.Assert.assertEquals(Assert.java:115)
	at org.testng.Assert.assertEquals(Assert.java:189)
	at com.swagLabs.qa.pages.LoginPage.validate_Login_Page_Title(LoginPage.java:57)
	at com.swagLabs.qa.loginTest.TC_002_Login_Page_Title_Test.loginPageTitleTest(TC_002_Login_Page_Title_Test.java:28)
	at sun.reflect.NativeMethodAccessorImpl.invoke0(Native Method)
	at sun.reflect.NativeMethodAccessorImpl.invoke(Unknown Source)
	at sun.reflect.DelegatingMethodAccessorImpl.invoke(Unknown Source)
	at java.lang.reflect.Method.invoke(Unknown Source)
	at org.testng.internal.MethodInvocationHelper.invokeMethod(MethodInvocationHelper.java:108)
	at org.testng.internal.Invoker.invokeMethod(Invoker.java:661)
	at org.testng.internal.Invoker.invokeTestMethod(Invoker.java:869)
	at org.testng.internal.Invoker.invokeTestMethods(Invoker.java:1193)
	at org.testng.internal.TestMethodWorker.invokeTestMethods(TestMethodWorker.java:126)
	at org.testng.internal.TestMethodWorker.run(TestMethodWorker.java:109)
	at org.testng.TestRunner.privateRun(TestRunner.java:744)
	at org.testng.TestRunner.run(TestRunner.java:602)
	at org.testng.SuiteRunner.runTest(SuiteRunner.java:380)
	at org.testng.SuiteRunner.runSequentially(SuiteRunner.java:375)
	at org.testng.SuiteRunner.privateRun(SuiteRunner.java:340)
	at org.testng.SuiteRunner.run(SuiteRunner.java:289)
	at org.testng.SuiteRunnerWorker.runSuite(SuiteRunnerWorker.java:52)
	at org.testng.SuiteRunnerWorker.run(SuiteRunnerWorker.java:86)
	at org.testng.TestNG.runSuitesSequentially(TestNG.java:1301)
	at org.testng.TestNG.runSuitesLocally(TestNG.java:1226)
	at org.testng.TestNG.runSuites(TestNG.java:1144)
	at org.testng.TestNG.run(TestNG.java:1115)
	at org.testng.remote.AbstractRemoteTestNG.run(AbstractRemoteTestNG.java:132)
	at org.testng.remote.RemoteTestNG.initAndRun(RemoteTestNG.java:236)
	at org.testng.remote.RemoteTestNG.main(RemoteTestNG.java:81)
]]>
            </full-stacktrace>
          </exception> <!-- java.lang.AssertionError -->
          <reporter-output>
          </reporter-output>
        </test-method> <!-- loginPageTitleTest -->
        <test-method status="PASS" signature="tearDown()[pri:0, instance:com.swagLabs.qa.loginTest.TC_002_Login_Page_Title_Test@47c62251]" name="tearDown" is-config="true" duration-ms="653" started-at="2020-04-25T10:28:11Z" finished-at="2020-04-25T10:28:12Z">
          <reporter-output>
          </reporter-output>
        </test-method> <!-- tearDown -->
      </class> <!-- com.swagLabs.qa.loginTest.TC_002_Login_Page_Title_Test -->
    </test> <!-- Swag Labs Login Test Cases -->
  </suite> <!-- Swag Labs Test Automation Test Suite -->
</testng-results>
